<?xml version="1.0" encoding="UTF-8"?>
<!-- Generated by org.testng.reporters.JUnitXMLReporter -->
<testsuite hostname="Asiful" ignored="0" name="Default test" tests="6" failures="0" timestamp="09 Oct 2020 19:29:48 GMT" time="45.167" errors="0">
  <testcase name="verifyHomepagePageTest" time="0.139" classname="com.test.BaseTest"/>
  <testcase name="doLoginTest" time="5.543" classname="com.test.BaseTest"/>
  <testcase name="searchtest" time="5.747" classname="com.test.BaseTest"/>
  <testcase name="FilterSearch" time="7.827" classname="com.test.BaseTest"/>
  <testcase name="getNames" time="0.508" classname="com.test.BaseTest"/>
  <testcase name="SignOut" time="4.379" classname="com.test.BaseTest"/>
</testsuite> <!-- Default test -->
