<?xml version="1.0" encoding="UTF-8"?>
<!-- Generated by org.testng.reporters.JUnitXMLReporter -->
<testsuite hostname="Asiful" ignored="0" name="Default test" tests="3" failures="0" timestamp="2020-10-07T18:17:57 IST" time="34.833" errors="0">
  <testcase name="verifyHomepagePageTest" time="0.118" classname="com.test.BaseTest"/>
  <testcase name="doLoginTest" time="7.622" classname="com.test.BaseTest"/>
  <testcase name="searchtest" time="11.36" classname="com.test.BaseTest"/>
</testsuite> <!-- Default test -->
