<?xml version="1.0" encoding="UTF-8"?>
<!-- Generated by org.testng.reporters.JUnitXMLReporter -->
<testsuite hostname="DESKTOP-4LU25GP" ignored="0" name="Automation of practo.com in Chrome" tests="8" failures="0" timestamp="14 Oct 2020 02:48:37 GMT" time="99.596" errors="0">
  <testcase name="verifyHomepagePageTest" time="0.94" classname="com.test.BaseTest"/>
  <testcase name="doLoginTest" time="6.544" classname="com.test.BaseTest"/>
  <testcase name="searchtest" time="18.971" classname="com.test.BaseTest"/>
  <testcase name="FilterSearch" time="8.037" classname="com.test.BaseTest"/>
  <testcase name="getNames" time="0.582" classname="com.test.BaseTest"/>
  <testcase name="writeExcel" time="12.017" classname="com.test.BaseTest"/>
  <testcase name="SignOut" time="4.055" classname="com.test.BaseTest"/>
  <testcase name="invsearchtest" time="0.402" classname="com.test.BaseTest"/>
</testsuite> <!-- Automation of practo.com in Chrome -->
