<?xml version="1.0" encoding="UTF-8"?>
<!-- Generated by org.testng.reporters.JUnitXMLReporter -->
<testsuite hostname="DESKTOP-4LU25GP" ignored="0" name="Automation of practo.com in Chrome" tests="7" failures="0" timestamp="12 Oct 2020 07:30:13 GMT" time="102.928" errors="0">
  <testcase name="verifyHomepagePageTest" time="1.418" classname="com.test.BaseTest"/>
  <testcase name="doLoginTest" time="8.413" classname="com.test.BaseTest"/>
  <testcase name="searchtest" time="11.718" classname="com.test.BaseTest"/>
  <testcase name="FilterSearch" time="9.381" classname="com.test.BaseTest"/>
  <testcase name="getNames" time="0.704" classname="com.test.BaseTest"/>
  <testcase name="writeExcel" time="5.45" classname="com.test.BaseTest"/>
  <testcase name="SignOut" time="4.754" classname="com.test.BaseTest"/>
</testsuite> <!-- Automation of practo.com in Chrome -->
