<?xml version="1.0" encoding="UTF-8"?>
<!-- Generated by org.testng.reporters.JUnitXMLReporter -->
<testsuite hostname="DESKTOP-4LU25GP" ignored="0" name="Automation of practo.com in Edge" tests="8" failures="0" timestamp="12 Oct 2020 07:15:33 GMT" time="23.951" errors="0">
  <testcase name="@BeforeClass createDriver" time="22.929" classname="com.test.BaseTest">
    <failure type="org.openqa.selenium.WebDriverException" message="unknown error: unhandled inspector error: {&amp;quot;code&amp;quot;:-32000,&amp;quot;message&amp;quot;:&amp;quot;No target with given id&amp;quot;}
  (Session info: MicrosoftEdge=86.0.622.38)
Build info: version: &amp;apos;3.141.59&amp;apos;, revision: &amp;apos;e82be7d358&amp;apos;, time: &amp;apos;2018-11-14T08:17:03&amp;apos;
System info: host: &amp;apos;DESKTOP-4LU25GP&amp;apos;, ip: &amp;apos;192.168.0.103&amp;apos;, os.name: &amp;apos;Windows 10&amp;apos;, os.arch: &amp;apos;amd64&amp;apos;, os.version: &amp;apos;10.0&amp;apos;, java.version: &amp;apos;1.8.0_191&amp;apos;
Driver info: org.openqa.selenium.edge.EdgeDriver
Capabilities {acceptInsecureCerts: false, browserName: msedge, browserVersion: 86.0.622.38, javascriptEnabled: true, ms:edgeOptions: {debuggerAddress: localhost:53909}, msedge: {msedgedriverVersion: 86.0.622.38 (a220bde1d0eaa6..., userDataDir: C:\Users\user\AppData\Local...}, networkConnectionEnabled: false, pageLoadStrategy: normal, platform: WINDOWS, platformName: WINDOWS, proxy: Proxy(), setWindowRect: true, strictFileInteractability: false, timeouts: {implicit: 0, pageLoad: 300000, script: 30000}, unhandledPromptBehavior: dismiss and notify, webauthn:virtualAuthenticators: true}
Session ID: 361c25046bc0ae12b97ffe51323770fc">
      <![CDATA[org.openqa.selenium.WebDriverException: unknown error: unhandled inspector error: {"code":-32000,"message":"No target with given id"}
  (Session info: MicrosoftEdge=86.0.622.38)
Build info: version: '3.141.59', revision: 'e82be7d358', time: '2018-11-14T08:17:03'
System info: host: 'DESKTOP-4LU25GP', ip: '192.168.0.103', os.name: 'Windows 10', os.arch: 'amd64', os.version: '10.0', java.version: '1.8.0_191'
Driver info: org.openqa.selenium.edge.EdgeDriver
Capabilities {acceptInsecureCerts: false, browserName: msedge, browserVersion: 86.0.622.38, javascriptEnabled: true, ms:edgeOptions: {debuggerAddress: localhost:53909}, msedge: {msedgedriverVersion: 86.0.622.38 (a220bde1d0eaa6..., userDataDir: C:\Users\user\AppData\Local...}, networkConnectionEnabled: false, pageLoadStrategy: normal, platform: WINDOWS, platformName: WINDOWS, proxy: Proxy(), setWindowRect: true, strictFileInteractability: false, timeouts: {implicit: 0, pageLoad: 300000, script: 30000}, unhandledPromptBehavior: dismiss and notify, webauthn:virtualAuthenticators: true}
Session ID: 361c25046bc0ae12b97ffe51323770fc
at org.openqa.selenium.remote.http.W3CHttpResponseCodec.createException(W3CHttpResponseCodec.java:187)
at org.openqa.selenium.remote.http.W3CHttpResponseCodec.decode(W3CHttpResponseCodec.java:122)
at org.openqa.selenium.remote.http.W3CHttpResponseCodec.decode(W3CHttpResponseCodec.java:49)
at org.openqa.selenium.remote.HttpCommandExecutor.execute(HttpCommandExecutor.java:158)
at org.openqa.selenium.remote.service.DriverCommandExecutor.execute(DriverCommandExecutor.java:83)
at org.openqa.selenium.remote.RemoteWebDriver.execute(RemoteWebDriver.java:552)
at org.openqa.selenium.remote.RemoteWebDriver.execute(RemoteWebDriver.java:609)
at org.openqa.selenium.remote.RemoteWebDriver$RemoteWebDriverOptions$RemoteWindow.maximize(RemoteWebDriver.java:837)
at com.test.BaseTest.createDriver(BaseTest.java:106)
... Removed 30 stack frames]]>
    </failure>
  </testcase> <!-- @BeforeClass createDriver -->
  <testcase name="@AfterClass tearDown" time="0.0" classname="com.test.BaseTest">
    <skipped/>
  </testcase> <!-- @AfterClass tearDown -->
  <testcase name="verifyHomepagePageTest" time="0.001" classname="com.test.BaseTest">
    <skipped/>
  </testcase> <!-- verifyHomepagePageTest -->
  <testcase name="doLoginTest" time="0.0" classname="com.test.BaseTest">
    <skipped/>
  </testcase> <!-- doLoginTest -->
  <testcase name="searchtest" time="0.0" classname="com.test.BaseTest">
    <skipped/>
  </testcase> <!-- searchtest -->
  <testcase name="FilterSearch" time="0.0" classname="com.test.BaseTest">
    <skipped/>
  </testcase> <!-- FilterSearch -->
  <testcase name="getNames" time="0.0" classname="com.test.BaseTest">
    <skipped/>
  </testcase> <!-- getNames -->
  <testcase name="writeExcel" time="0.0" classname="com.test.BaseTest">
    <skipped/>
  </testcase> <!-- writeExcel -->
  <testcase name="SignOut" time="0.0" classname="com.test.BaseTest">
    <skipped/>
  </testcase> <!-- SignOut -->
  <testcase name="invsearchtest" time="0.0" classname="com.test.BaseTest">
    <skipped/>
  </testcase> <!-- invsearchtest -->
</testsuite> <!-- Automation of practo.com in Edge -->
