<?xml version="1.0" encoding="UTF-8"?>
<!-- Generated by org.testng.reporters.JUnitXMLReporter -->
<testsuite hostname="DESKTOP-4LU25GP" ignored="0" name="Automation of practo.com in MSEdge" tests="6" failures="0" timestamp="12 Oct 2020 05:36:08 GMT" time="116.719" errors="0">
  <testcase name="verifyHomepagePageTest" time="0.637" classname="com.test.BaseTest"/>
  <testcase name="doLoginTest" time="8.146" classname="com.test.BaseTest"/>
  <testcase name="searchtest" time="6.369" classname="com.test.BaseTest"/>
  <testcase name="FilterSearch" time="7.591" classname="com.test.BaseTest"/>
  <testcase name="getNames" time="0.334" classname="com.test.BaseTest"/>
  <testcase name="SignOut" time="3.256" classname="com.test.BaseTest"/>
</testsuite> <!-- Automation of practo.com in MSEdge -->
