<?xml version="1.0" encoding="UTF-8"?>
<!-- Generated by org.testng.reporters.JUnitXMLReporter -->
<testsuite hostname="DESKTOP-4LU25GP" ignored="0" name="Automation of practo.com in MSEdge" tests="6" failures="0" timestamp="11 Oct 2020 14:58:27 GMT" time="50.512" errors="0">
  <testcase name="verifyHomepagePageTest" time="0.162" classname="com.test.BaseTest"/>
  <testcase name="doLoginTest" time="4.484" classname="com.test.BaseTest"/>
  <testcase name="searchtest" time="7.603" classname="com.test.BaseTest"/>
  <testcase name="FilterSearch" time="7.444" classname="com.test.BaseTest"/>
  <testcase name="getNames" time="0.675" classname="com.test.BaseTest"/>
  <testcase name="SignOut" time="3.981" classname="com.test.BaseTest"/>
</testsuite> <!-- Automation of practo.com in MSEdge -->
