<?xml version="1.0" encoding="UTF-8"?>
<!-- Generated by org.testng.reporters.JUnitXMLReporter -->
<testsuite hostname="DESKTOP-4LU25GP" ignored="0" name="Automation of practo.com in Edge" tests="8" failures="0" timestamp="14 Oct 2020 04:02:05 GMT" time="80.287" errors="0">
  <testcase name="verifyHomepagePageTest" time="0.187" classname="com.test.BaseTest"/>
  <testcase name="doLoginTest" time="8.468" classname="com.test.BaseTest"/>
  <testcase name="searchtest" time="7.69" classname="com.test.BaseTest"/>
  <testcase name="FilterSearch" time="7.64" classname="com.test.BaseTest"/>
  <testcase name="getNames" time="0.462" classname="com.test.BaseTest"/>
  <testcase name="writeExcel" time="0.101" classname="com.test.BaseTest"/>
  <testcase name="SignOut" time="6.571" classname="com.test.BaseTest"/>
  <testcase name="invsearchtest" time="0.295" classname="com.test.BaseTest"/>
</testsuite> <!-- Automation of practo.com in Edge -->
