<?xml version="1.0" encoding="UTF-8"?>
<!-- Generated by org.testng.reporters.JUnitXMLReporter -->
<testsuite hostname="Srajen" ignored="0" name="InternetExplorerTestCase" tests="6" failures="0" timestamp="11 Oct 2020 04:47:11 GMT" time="0.11" errors="0">
  <testcase name="@BeforeTest createDriver" time="0.079" classname="com.test.BaseTest">
    <failure type="java.lang.IllegalStateException" message="The path to the driver executable must be set by the webdriver.ie.driver system property; for more information, see https://github.com/SeleniumHQ/selenium/wiki/InternetExplorerDriver. The latest version can be downloaded from http://selenium-release.storage.googleapis.com/index.html">
      <![CDATA[java.lang.IllegalStateException: The path to the driver executable must be set by the webdriver.ie.driver system property; for more information, see https://github.com/SeleniumHQ/selenium/wiki/InternetExplorerDriver. The latest version can be downloaded from http://selenium-release.storage.googleapis.com/index.html
at com.google.common.base.Preconditions.checkState(Preconditions.java:847)
at org.openqa.selenium.remote.service.DriverService.findExecutable(DriverService.java:134)
at org.openqa.selenium.ie.InternetExplorerDriverService.access$000(InternetExplorerDriverService.java:35)
at org.openqa.selenium.ie.InternetExplorerDriverService$Builder.findDefaultExecutable(InternetExplorerDriverService.java:175)
at org.openqa.selenium.remote.service.DriverService$Builder.build(DriverService.java:355)
at org.openqa.selenium.ie.InternetExplorerDriver.setupService(InternetExplorerDriver.java:281)
at org.openqa.selenium.ie.InternetExplorerDriver.<init>(InternetExplorerDriver.java:211)
at org.openqa.selenium.ie.InternetExplorerDriver.<init>(InternetExplorerDriver.java:150)
at com.test.BaseTest.createDriver(BaseTest.java:90)
... Removed 24 stack frames]]>
    </failure>
  </testcase> <!-- @BeforeTest createDriver -->
  <testcase name="@AfterClass writeExcel" time="0.0" classname="com.test.BaseTest">
    <skipped/>
  </testcase> <!-- @AfterClass writeExcel -->
  <testcase name="@AfterTest tearDown" time="0.0" classname="com.test.BaseTest">
    <skipped/>
  </testcase> <!-- @AfterTest tearDown -->
  <testcase name="verifyHomepagePageTest" time="0.0" classname="com.test.BaseTest">
    <skipped/>
  </testcase> <!-- verifyHomepagePageTest -->
  <testcase name="doLoginTest" time="0.0" classname="com.test.BaseTest">
    <skipped/>
  </testcase> <!-- doLoginTest -->
  <testcase name="searchtest" time="0.0" classname="com.test.BaseTest">
    <skipped/>
  </testcase> <!-- searchtest -->
  <testcase name="FilterSearch" time="0.0" classname="com.test.BaseTest">
    <skipped/>
  </testcase> <!-- FilterSearch -->
  <testcase name="getNames" time="0.0" classname="com.test.BaseTest">
    <skipped/>
  </testcase> <!-- getNames -->
  <testcase name="SignOut" time="0.0" classname="com.test.BaseTest">
    <skipped/>
  </testcase> <!-- SignOut -->
</testsuite> <!-- InternetExplorerTestCase -->
