<?xml version="1.0" encoding="UTF-8"?>
<!-- Generated by org.testng.reporters.JUnitXMLReporter -->
<testsuite hostname="DESKTOP-4LU25GP" ignored="0" name="Test" tests="6" failures="0" timestamp="2020-10-09T12:37:03 IST" time="57.619" errors="0">
  <testcase name="verifyHomepagePageTest" time="1.38" classname="com.test.BaseTest"/>
  <testcase name="doLoginTest" time="6.018" classname="com.test.BaseTest"/>
  <testcase name="searchtest" time="5.798" classname="com.test.BaseTest"/>
  <testcase name="FilterSearch" time="13.633" classname="com.test.BaseTest"/>
  <testcase name="getNames" time="0.466" classname="com.test.BaseTest"/>
  <testcase name="writeExcel" time="10.643" classname="com.test.BaseTest"/>
</testsuite> <!-- Test -->
