<?xml version="1.0" encoding="UTF-8"?>
<!-- Generated by org.testng.reporters.JUnitXMLReporter -->
<testsuite hostname="Asiful" ignored="0" name="Test" tests="3" failures="0" timestamp="2020-10-07T13:34:11 IST" time="32.849" errors="0">
  <testcase name="verifyHomepagePageTest" time="0.13" classname="com.test.BaseTest"/>
  <testcase name="doLoginTest" time="8.912" classname="com.test.BaseTest"/>
  <testcase name="searchtest" time="10.699" classname="com.test.BaseTest"/>
</testsuite> <!-- Test -->
