<?xml version="1.0" encoding="UTF-8"?>
<testng-results skipped="0" failed="0" ignored="0" total="3" passed="3">
  <reporter-output>
  </reporter-output>
  <suite name="Default suite" duration-ms="34833" started-at="2020-10-07T18:17:23 IST" finished-at="2020-10-07T18:17:57 IST">
    <groups>
    </groups>
    <test name="Default test" duration-ms="34833" started-at="2020-10-07T18:17:23 IST" finished-at="2020-10-07T18:17:57 IST">
      <class name="com.test.BaseTest">
        <test-method status="PASS" signature="createDriver()[pri:0, instance:com.test.BaseTest@1f7030a6]" name="createDriver" is-config="true" duration-ms="14820" started-at="2020-10-07T18:17:23 IST" description="Opening Browser" finished-at="2020-10-07T18:17:37 IST">
          <reporter-output>
          </reporter-output>
        </test-method> <!-- createDriver -->
        <test-method status="PASS" signature="verifyHomepagePageTest()[pri:1, instance:com.test.BaseTest@1f7030a6]" name="verifyHomepagePageTest" duration-ms="118" started-at="2020-10-07T18:17:37 IST" finished-at="2020-10-07T18:17:38 IST">
          <reporter-output>
          </reporter-output>
        </test-method> <!-- verifyHomepagePageTest -->
        <test-method status="PASS" signature="doLoginTest()[pri:2, instance:com.test.BaseTest@1f7030a6]" name="doLoginTest" duration-ms="7622" started-at="2020-10-07T18:17:38 IST" finished-at="2020-10-07T18:17:45 IST">
          <reporter-output>
          </reporter-output>
        </test-method> <!-- doLoginTest -->
        <test-method status="PASS" signature="searchtest()[pri:3, instance:com.test.BaseTest@1f7030a6]" name="searchtest" duration-ms="11360" started-at="2020-10-07T18:17:45 IST" finished-at="2020-10-07T18:17:57 IST">
          <reporter-output>
          </reporter-output>
        </test-method> <!-- searchtest -->
        <test-method status="PASS" signature="tearDown()[pri:0, instance:com.test.BaseTest@1f7030a6]" name="tearDown" is-config="true" duration-ms="823" started-at="2020-10-07T18:17:57 IST" finished-at="2020-10-07T18:17:57 IST">
          <reporter-output>
          </reporter-output>
        </test-method> <!-- tearDown -->
      </class> <!-- com.test.BaseTest -->
    </test> <!-- Default test -->
  </suite> <!-- Default suite -->
</testng-results>
